# JRE version: OpenJDK Runtime Environment (8.0_212-b04) (build 1.8.0_212-release-1586-b04)
# Java VM: OpenJDK 64-Bit Server VM (25.212-b04 mixed mode windows-amd64 compressed oops)
Heap:
 PSYoungGen      total 117760K, used 94570K [0x00000000e0000000, 0x00000000e8e80000, 0x0000000100000000)
  eden space 90624K, 84% used [0x00000000e0000000,0x00000000e4b245a0,0x00000000e5880000)
  from space 27136K, 64% used [0x00000000e7400000,0x00000000e8536458,0x00000000e8e80000)
  to   space 27648K, 0% used [0x00000000e5880000,0x00000000e5880000,0x00000000e7380000)
 ParOldGen       total 87040K, used 43809K [0x00000000a0000000, 0x00000000a5500000, 0x00000000e0000000)
  object space 87040K, 50% used [0x00000000a0000000,0x00000000a2ac86c8,0x00000000a5500000)
 Metaspace       used 63650K, capacity 67300K, committed 67608K, reserved 1107968K
  class space    used 8803K, capacity 9706K, committed 9760K, reserved 1048576K
GC Heap History (10 events):
Event: 32.629 GC heap before
{Heap before GC invocations=23 (full 2):
 PSYoungGen      total 73728K, used 73719K [0x00000000e0000000, 0x00000000e6480000, 0x0000000100000000)
  eden space 55296K, 100% used [0x00000000e0000000,0x00000000e3600000,0x00000000e3600000)
  from space 18432K, 99% used [0x00000000e4b80000,0x00000000e5d7ddb8,0x00000000e5d80000)
  to   space 22016K, 0% used [0x00000000e3600000,0x00000000e3600000,0x00000000e4b80000)
 ParOldGen       total 52224K, used 23838K [0x00000000a0000000, 0x00000000a3300000, 0x00000000e0000000)
  object space 52224K, 45% used [0x00000000a0000000,0x00000000a1747a80,0x00000000a3300000)
 Metaspace       used 56494K, capacity 58792K, committed 59048K, reserved 1099776K
  class space    used 7687K, capacity 8338K, committed 8368K, reserved 1048576K
Event: 32.644 GC heap after
Heap after GC invocations=23 (full 2):
 PSYoungGen      total 77312K, used 21985K [0x00000000e0000000, 0x00000000e7a80000, 0x0000000100000000)
  eden space 55296K, 0% used [0x00000000e0000000,0x00000000e0000000,0x00000000e3600000)
  from space 22016K, 99% used [0x00000000e3600000,0x00000000e4b78698,0x00000000e4b80000)
  to   space 26624K, 0% used [0x00000000e6080000,0x00000000e6080000,0x00000000e7a80000)
 ParOldGen       total 52224K, used 28294K [0x00000000a0000000, 0x00000000a3300000, 0x00000000e0000000)
  object space 52224K, 54% used [0x00000000a0000000,0x00000000a1ba1ac8,0x00000000a3300000)
 Metaspace       used 56494K, capacity 58792K, committed 59048K, reserved 1099776K
  class space    used 7687K, capacity 8338K, committed 8368K, reserved 1048576K
}
Event: 32.802 GC heap before
{Heap before GC invocations=24 (full 2):
 PSYoungGen      total 77312K, used 29412K [0x00000000e0000000, 0x00000000e7a80000, 0x0000000100000000)
  eden space 55296K, 13% used [0x00000000e0000000,0x00000000e0740ac0,0x00000000e3600000)
  from space 22016K, 99% used [0x00000000e3600000,0x00000000e4b78698,0x00000000e4b80000)
  to   space 26624K, 0% used [0x00000000e6080000,0x00000000e6080000,0x00000000e7a80000)
 ParOldGen       total 52224K, used 28294K [0x00000000a0000000, 0x00000000a3300000, 0x00000000e0000000)
  object space 52224K, 54% used [0x00000000a0000000,0x00000000a1ba1ac8,0x00000000a3300000)
 Metaspace       used 56646K, capacity 59072K, committed 59160K, reserved 1099776K
  class space    used 7711K, capacity 8398K, committed 8480K, reserved 1048576K
Event: 32.816 GC heap after
Heap after GC invocations=24 (full 2):
 PSYoungGen      total 97792K, used 18680K [0x00000000e0000000, 0x00000000e7f80000, 0x0000000100000000)
  eden space 71168K, 0% used [0x00000000e0000000,0x00000000e0000000,0x00000000e4580000)
  from space 26624K, 70% used [0x00000000e6080000,0x00000000e72be020,0x00000000e7a80000)
  to   space 27648K, 0% used [0x00000000e4580000,0x00000000e4580000,0x00000000e6080000)
 ParOldGen       total 52224K, used 32825K [0x00000000a0000000, 0x00000000a3300000, 0x00000000e0000000)
  object space 52224K, 62% used [0x00000000a0000000,0x00000000a200e5a0,0x00000000a3300000)
 Metaspace       used 56646K, capacity 59072K, committed 59160K, reserved 1099776K
  class space    used 7711K, capacity 8398K, committed 8480K, reserved 1048576K
}
Event: 32.816 GC heap before
{Heap before GC invocations=25 (full 3):
 PSYoungGen      total 97792K, used 18680K [0x00000000e0000000, 0x00000000e7f80000, 0x0000000100000000)
  eden space 71168K, 0% used [0x00000000e0000000,0x00000000e0000000,0x00000000e4580000)
  from space 26624K, 70% used [0x00000000e6080000,0x00000000e72be020,0x00000000e7a80000)
  to   space 27648K, 0% used [0x00000000e4580000,0x00000000e4580000,0x00000000e6080000)
 ParOldGen       total 52224K, used 32825K [0x00000000a0000000, 0x00000000a3300000, 0x00000000e0000000)
  object space 52224K, 62% used [0x00000000a0000000,0x00000000a200e5a0,0x00000000a3300000)
 Metaspace       used 56646K, capacity 59072K, committed 59160K, reserved 1099776K
  class space    used 7711K, capacity 8398K, committed 8480K, reserved 1048576K
Event: 33.020 GC heap after
Heap after GC invocations=25 (full 3):
 PSYoungGen      total 97792K, used 0K [0x00000000e0000000, 0x00000000e7f80000, 0x0000000100000000)
  eden space 71168K, 0% used [0x00000000e0000000,0x00000000e0000000,0x00000000e4580000)
  from space 26624K, 0% used [0x00000000e6080000,0x00000000e6080000,0x00000000e7a80000)
  to   space 27648K, 0% used [0x00000000e4580000,0x00000000e4580000,0x00000000e6080000)
 ParOldGen       total 87040K, used 43793K [0x00000000a0000000, 0x00000000a5500000, 0x00000000e0000000)
  object space 87040K, 50% used [0x00000000a0000000,0x00000000a2ac46c8,0x00000000a5500000)
 Metaspace       used 56646K, capacity 59072K, committed 59160K, reserved 1099776K
  class space    used 7711K, capacity 8398K, committed 8480K, reserved 1048576K
}
Event: 34.233 GC heap before
{Heap before GC invocations=26 (full 3):
 PSYoungGen      total 97792K, used 71168K [0x00000000e0000000, 0x00000000e7f80000, 0x0000000100000000)
  eden space 71168K, 100% used [0x00000000e0000000,0x00000000e4580000,0x00000000e4580000)
  from space 26624K, 0% used [0x00000000e6080000,0x00000000e6080000,0x00000000e7a80000)
  to   space 27648K, 0% used [0x00000000e4580000,0x00000000e4580000,0x00000000e6080000)
 ParOldGen       total 87040K, used 43793K [0x00000000a0000000, 0x00000000a5500000, 0x00000000e0000000)
  object space 87040K, 50% used [0x00000000a0000000,0x00000000a2ac46c8,0x00000000a5500000)
 Metaspace       used 60083K, capacity 62872K, committed 63128K, reserved 1103872K
  class space    used 8258K, capacity 9027K, committed 9120K, reserved 1048576K
Event: 34.238 GC heap after
Heap after GC invocations=26 (full 3):
 PSYoungGen      total 98816K, used 8173K [0x00000000e0000000, 0x00000000e8e80000, 0x0000000100000000)
  eden space 71168K, 0% used [0x00000000e0000000,0x00000000e0000000,0x00000000e4580000)
  from space 27648K, 29% used [0x00000000e4580000,0x00000000e4d7b7f8,0x00000000e6080000)
  to   space 27136K, 0% used [0x00000000e7400000,0x00000000e7400000,0x00000000e8e80000)
 ParOldGen       total 87040K, used 43801K [0x00000000a0000000, 0x00000000a5500000, 0x00000000e0000000)
  object space 87040K, 50% used [0x00000000a0000000,0x00000000a2ac66c8,0x00000000a5500000)
 Metaspace       used 60083K, capacity 62872K, committed 63128K, reserved 1103872K
  class space    used 8258K, capacity 9027K, committed 9120K, reserved 1048576K
}
Event: 35.542 GC heap before
{Heap before GC invocations=27 (full 3):
 PSYoungGen      total 98816K, used 79341K [0x00000000e0000000, 0x00000000e8e80000, 0x0000000100000000)
  eden space 71168K, 100% used [0x00000000e0000000,0x00000000e4580000,0x00000000e4580000)
  from space 27648K, 29% used [0x00000000e4580000,0x00000000e4d7b7f8,0x00000000e6080000)
  to   space 27136K, 0% used [0x00000000e7400000,0x00000000e7400000,0x00000000e8e80000)
 ParOldGen       total 87040K, used 43801K [0x00000000a0000000, 0x00000000a5500000, 0x00000000e0000000)
  object space 87040K, 50% used [0x00000000a0000000,0x00000000a2ac66c8,0x00000000a5500000)
 Metaspace       used 61755K, capacity 64738K, committed 64920K, reserved 1105920K
  class space    used 8477K, capacity 9259K, committed 9376K, reserved 1048576K
Event: 35.554 GC heap after
Heap after GC invocations=27 (full 3):
 PSYoungGen      total 117760K, used 17625K [0x00000000e0000000, 0x00000000e8e80000, 0x0000000100000000)
  eden space 90624K, 0% used [0x00000000e0000000,0x00000000e0000000,0x00000000e5880000)
  from space 27136K, 64% used [0x00000000e7400000,0x00000000e8536458,0x00000000e8e80000)
  to   space 27648K, 0% used [0x00000000e5880000,0x00000000e5880000,0x00000000e7380000)
 ParOldGen       total 87040K, used 43809K [0x00000000a0000000, 0x00000000a5500000, 0x00000000e0000000)
  object space 87040K, 50% used [0x00000000a0000000,0x00000000a2ac86c8,0x00000000a5500000)
 Metaspace       used 61755K, capacity 64738K, committed 64920K, reserved 1105920K
  class space    used 8477K, capacity 9259K, committed 9376K, reserved 1048576K
}

